# JRE version: OpenJDK Runtime Environment (11.0.10) (build 11.0.10+0-b96-7249189)
# Java VM: OpenJDK 64-Bit Server VM (11.0.10+0-b96-7249189, mixed mode, tiered, compressed oops, g1 gc, windows-amd64)
Heap:
 garbage-first heap   total 610304K, used 158323K [0x00000000a0000000, 0x0000000100000000)
  region size 1024K, 10 young (10240K), 10 survivors (10240K)
 Metaspace       used 102682K, capacity 105470K, committed 105628K, reserved 1140736K
  class space    used 13000K, capacity 14067K, committed 14156K, reserved 1048576K
GC Heap History (20 events):
Event: 49.716 GC heap after
{Heap after GC invocations=60 (full 0):
 garbage-first heap   total 165888K, used 111910K [0x00000000a0000000, 0x0000000100000000)
  region size 1024K, 4 young (4096K), 4 survivors (4096K)
 Metaspace       used 93903K, capacity 96382K, committed 96540K, reserved 1132544K
  class space    used 11825K, capacity 12696K, committed 12748K, reserved 1048576K
}
Event: 49.896 GC heap before
{Heap before GC invocations=60 (full 0):
 garbage-first heap   total 165888K, used 134438K [0x00000000a0000000, 0x0000000100000000)
  region size 1024K, 26 young (26624K), 4 survivors (4096K)
 Metaspace       used 94659K, capacity 97131K, committed 97436K, reserved 1134592K
  class space    used 11926K, capacity 12796K, committed 12876K, reserved 1048576K
}
Event: 49.925 GC heap after
{Heap after GC invocations=61 (full 0):
 garbage-first heap   total 165888K, used 116952K [0x00000000a0000000, 0x0000000100000000)
  region size 1024K, 4 young (4096K), 4 survivors (4096K)
 Metaspace       used 94659K, capacity 97131K, committed 97436K, reserved 1134592K
  class space    used 11926K, capacity 12796K, committed 12876K, reserved 1048576K
}
Event: 50.011 GC heap before
{Heap before GC invocations=61 (full 0):
 garbage-first heap   total 165888K, used 135384K [0x00000000a0000000, 0x0000000100000000)
  region size 1024K, 23 young (23552K), 4 survivors (4096K)
 Metaspace       used 94915K, capacity 97355K, committed 97436K, reserved 1134592K
  class space    used 11955K, capacity 12828K, committed 12876K, reserved 1048576K
}
Event: 50.037 GC heap after
{Heap after GC invocations=62 (full 0):
 garbage-first heap   total 199680K, used 120794K [0x00000000a0000000, 0x0000000100000000)
  region size 1024K, 3 young (3072K), 3 survivors (3072K)
 Metaspace       used 94915K, capacity 97355K, committed 97436K, reserved 1134592K
  class space    used 11955K, capacity 12828K, committed 12876K, reserved 1048576K
}
Event: 50.484 GC heap before
{Heap before GC invocations=62 (full 0):
 garbage-first heap   total 199680K, used 150490K [0x00000000a0000000, 0x0000000100000000)
  region size 1024K, 32 young (32768K), 3 survivors (3072K)
 Metaspace       used 96212K, capacity 98787K, committed 98972K, reserved 1134592K
  class space    used 12166K, capacity 13108K, committed 13132K, reserved 1048576K
}
Event: 50.520 GC heap after
{Heap after GC invocations=63 (full 0):
 garbage-first heap   total 199680K, used 125810K [0x00000000a0000000, 0x0000000100000000)
  region size 1024K, 4 young (4096K), 4 survivors (4096K)
 Metaspace       used 96212K, capacity 98787K, committed 98972K, reserved 1134592K
  class space    used 12166K, capacity 13108K, committed 13132K, reserved 1048576K
}
Event: 50.757 GC heap before
{Heap before GC invocations=63 (full 0):
 garbage-first heap   total 199680K, used 155506K [0x00000000a0000000, 0x0000000100000000)
  region size 1024K, 33 young (33792K), 4 survivors (4096K)
 Metaspace       used 96685K, capacity 99194K, committed 99612K, reserved 1136640K
  class space    used 12232K, capacity 13146K, committed 13260K, reserved 1048576K
}
Event: 50.787 GC heap after
{Heap after GC invocations=64 (full 0):
 garbage-first heap   total 199680K, used 131265K [0x00000000a0000000, 0x0000000100000000)
  region size 1024K, 5 young (5120K), 5 survivors (5120K)
 Metaspace       used 96685K, capacity 99194K, committed 99612K, reserved 1136640K
  class space    used 12232K, capacity 13146K, committed 13260K, reserved 1048576K
}
Event: 50.974 GC heap before
{Heap before GC invocations=64 (full 0):
 garbage-first heap   total 199680K, used 157889K [0x00000000a0000000, 0x0000000100000000)
  region size 1024K, 32 young (32768K), 5 survivors (5120K)
 Metaspace       used 97252K, capacity 99766K, committed 100252K, reserved 1136640K
  class space    used 12336K, capacity 13252K, committed 13388K, reserved 1048576K
}
Event: 51.012 GC heap after
{Heap after GC invocations=65 (full 0):
 garbage-first heap   total 199680K, used 136155K [0x00000000a0000000, 0x0000000100000000)
  region size 1024K, 4 young (4096K), 4 survivors (4096K)
 Metaspace       used 97252K, capacity 99766K, committed 100252K, reserved 1136640K
  class space    used 12336K, capacity 13252K, committed 13388K, reserved 1048576K
}
Event: 51.201 GC heap before
{Heap before GC invocations=66 (full 0):
 garbage-first heap   total 199680K, used 161755K [0x00000000a0000000, 0x0000000100000000)
  region size 1024K, 30 young (30720K), 4 survivors (4096K)
 Metaspace       used 98264K, capacity 100866K, committed 100892K, reserved 1136640K
  class space    used 12516K, capacity 13496K, committed 13516K, reserved 1048576K
}
Event: 51.243 GC heap after
{Heap after GC invocations=67 (full 0):
 garbage-first heap   total 369664K, used 140783K [0x00000000a0000000, 0x0000000100000000)
  region size 1024K, 4 young (4096K), 4 survivors (4096K)
 Metaspace       used 98264K, capacity 100866K, committed 100892K, reserved 1136640K
  class space    used 12516K, capacity 13496K, committed 13516K, reserved 1048576K
}
Event: 51.636 GC heap before
{Heap before GC invocations=67 (full 0):
 garbage-first heap   total 369664K, used 155119K [0x00000000a0000000, 0x0000000100000000)
  region size 1024K, 18 young (18432K), 4 survivors (4096K)
 Metaspace       used 99140K, capacity 101718K, committed 101788K, reserved 1138688K
  class space    used 12647K, capacity 13625K, committed 13644K, reserved 1048576K
}
Event: 51.672 GC heap after
{Heap after GC invocations=68 (full 0):
 garbage-first heap   total 369664K, used 143407K [0x00000000a0000000, 0x0000000100000000)
  region size 1024K, 3 young (3072K), 3 survivors (3072K)
 Metaspace       used 99140K, capacity 101718K, committed 101788K, reserved 1138688K
  class space    used 12647K, capacity 13625K, committed 13644K, reserved 1048576K
}
Event: 52.591 GC heap before
{Heap before GC invocations=68 (full 0):
 garbage-first heap   total 369664K, used 219183K [0x00000000a0000000, 0x0000000100000000)
  region size 1024K, 77 young (78848K), 3 survivors (3072K)
 Metaspace       used 100272K, capacity 102930K, committed 103196K, reserved 1138688K
  class space    used 12755K, capacity 13742K, committed 13772K, reserved 1048576K
}
Event: 52.626 GC heap after
{Heap after GC invocations=69 (full 0):
 garbage-first heap   total 369664K, used 148298K [0x00000000a0000000, 0x0000000100000000)
  region size 1024K, 7 young (7168K), 7 survivors (7168K)
 Metaspace       used 100272K, capacity 102930K, committed 103196K, reserved 1138688K
  class space    used 12755K, capacity 13742K, committed 13772K, reserved 1048576K
}
Event: 53.912 GC heap before
{Heap before GC invocations=69 (full 0):
 garbage-first heap   total 369664K, used 272202K [0x00000000a0000000, 0x0000000100000000)
  region size 1024K, 129 young (132096K), 7 survivors (7168K)
 Metaspace       used 102157K, capacity 104992K, committed 105116K, reserved 1140736K
  class space    used 13000K, capacity 14067K, committed 14156K, reserved 1048576K
}
Event: 53.960 GC heap after
{Heap after GC invocations=70 (full 0):
 garbage-first heap   total 369664K, used 152699K [0x00000000a0000000, 0x0000000100000000)
  region size 1024K, 12 young (12288K), 12 survivors (12288K)
 Metaspace       used 102157K, capacity 104992K, committed 105116K, reserved 1140736K
  class space    used 13000K, capacity 14067K, committed 14156K, reserved 1048576K
}
Event: 55.585 GC heap before
{Heap before GC invocations=70 (full 0):
 garbage-first heap   total 369664K, used 277627K [0x00000000a0000000, 0x0000000100000000)
  region size 1024K, 134 young (137216K), 12 survivors (12288K)
 Metaspace       used 102682K, capacity 105470K, committed 105628K, reserved 1140736K
  class space    used 13000K, capacity 14067K, committed 14156K, reserved 1048576K
}

