# JRE version: OpenJDK Runtime Environment (8.0_312-b07) (build 1.8.0_312-b07)
# Java VM: OpenJDK 64-Bit Server VM (25.312-b07 mixed mode windows-amd64 compressed oops)
Heap:
 PSYoungGen      total 245248K, used 60001K [0x00000000e0000000, 0x00000000f5a80000, 0x0000000100000000)
  eden space 222208K, 27% used [0x00000000e0000000,0x00000000e3a98648,0x00000000ed900000)
  from space 23040K, 0% used [0x00000000ed900000,0x00000000ed900000,0x00000000eef80000)
  to   space 22528K, 0% used [0x00000000f4480000,0x00000000f4480000,0x00000000f5a80000)
 ParOldGen       total 88064K, used 35709K [0x00000000a0000000, 0x00000000a5600000, 0x00000000e0000000)
  object space 88064K, 40% used [0x00000000a0000000,0x00000000a22df6f0,0x00000000a5600000)
 Metaspace       used 61126K, capacity 63922K, committed 64276K, reserved 1103872K
  class space    used 8622K, capacity 9154K, committed 9236K, reserved 1048576K
GC Heap History (10 events):
Event: 13.249 GC heap before
{Heap before GC invocations=12 (full 2):
 PSYoungGen      total 193024K, used 8031K [0x00000000e0000000, 0x00000000ecd80000, 0x0000000100000000)
  eden space 180736K, 0% used [0x00000000e0000000,0x00000000e0000000,0x00000000eb080000)
  from space 12288K, 65% used [0x00000000ebd00000,0x00000000ec4d7ea8,0x00000000ec900000)
  to   space 12800K, 0% used [0x00000000eb080000,0x00000000eb080000,0x00000000ebd00000)
 ParOldGen       total 34304K, used 12850K [0x00000000a0000000, 0x00000000a2180000, 0x00000000e0000000)
  object space 34304K, 37% used [0x00000000a0000000,0x00000000a0c8c980,0x00000000a2180000)
 Metaspace       used 33904K, capacity 35352K, committed 35416K, reserved 1079296K
  class space    used 4841K, capacity 5171K, committed 5208K, reserved 1048576K
Event: 13.353 GC heap after
Heap after GC invocations=12 (full 2):
 PSYoungGen      total 193024K, used 0K [0x00000000e0000000, 0x00000000ecd80000, 0x0000000100000000)
  eden space 180736K, 0% used [0x00000000e0000000,0x00000000e0000000,0x00000000eb080000)
  from space 12288K, 0% used [0x00000000ebd00000,0x00000000ebd00000,0x00000000ec900000)
  to   space 12800K, 0% used [0x00000000eb080000,0x00000000eb080000,0x00000000ebd00000)
 ParOldGen       total 51712K, used 15195K [0x00000000a0000000, 0x00000000a3280000, 0x00000000e0000000)
  object space 51712K, 29% used [0x00000000a0000000,0x00000000a0ed6db0,0x00000000a3280000)
 Metaspace       used 33904K, capacity 35352K, committed 35416K, reserved 1079296K
  class space    used 4841K, capacity 5171K, committed 5208K, reserved 1048576K
}
Event: 17.155 GC heap before
{Heap before GC invocations=13 (full 2):
 PSYoungGen      total 193024K, used 180736K [0x00000000e0000000, 0x00000000ecd80000, 0x0000000100000000)
  eden space 180736K, 100% used [0x00000000e0000000,0x00000000eb080000,0x00000000eb080000)
  from space 12288K, 0% used [0x00000000ebd00000,0x00000000ebd00000,0x00000000ec900000)
  to   space 12800K, 0% used [0x00000000eb080000,0x00000000eb080000,0x00000000ebd00000)
 ParOldGen       total 51712K, used 15195K [0x00000000a0000000, 0x00000000a3280000, 0x00000000e0000000)
  object space 51712K, 29% used [0x00000000a0000000,0x00000000a0ed6db0,0x00000000a3280000)
 Metaspace       used 41070K, capacity 43350K, committed 43608K, reserved 1087488K
  class space    used 5808K, capacity 6219K, committed 6232K, reserved 1048576K
Event: 17.188 GC heap after
Heap after GC invocations=13 (full 2):
 PSYoungGen      total 193536K, used 12795K [0x00000000e0000000, 0x00000000efe80000, 0x0000000100000000)
  eden space 180736K, 0% used [0x00000000e0000000,0x00000000e0000000,0x00000000eb080000)
  from space 12800K, 99% used [0x00000000eb080000,0x00000000ebcfef88,0x00000000ebd00000)
  to   space 15360K, 0% used [0x00000000eef80000,0x00000000eef80000,0x00000000efe80000)
 ParOldGen       total 51712K, used 16765K [0x00000000a0000000, 0x00000000a3280000, 0x00000000e0000000)
  object space 51712K, 32% used [0x00000000a0000000,0x00000000a105f490,0x00000000a3280000)
 Metaspace       used 41070K, capacity 43350K, committed 43608K, reserved 1087488K
  class space    used 5808K, capacity 6219K, committed 6232K, reserved 1048576K
}
Event: 25.950 GC heap before
{Heap before GC invocations=14 (full 2):
 PSYoungGen      total 193536K, used 193531K [0x00000000e0000000, 0x00000000efe80000, 0x0000000100000000)
  eden space 180736K, 100% used [0x00000000e0000000,0x00000000eb080000,0x00000000eb080000)
  from space 12800K, 99% used [0x00000000eb080000,0x00000000ebcfef88,0x00000000ebd00000)
  to   space 15360K, 0% used [0x00000000eef80000,0x00000000eef80000,0x00000000efe80000)
 ParOldGen       total 51712K, used 16765K [0x00000000a0000000, 0x00000000a3280000, 0x00000000e0000000)
  object space 51712K, 32% used [0x00000000a0000000,0x00000000a105f490,0x00000000a3280000)
 Metaspace       used 55202K, capacity 57876K, committed 58072K, reserved 1099776K
  class space    used 7657K, capacity 8150K, committed 8152K, reserved 1048576K
Event: 26.012 GC heap after
Heap after GC invocations=14 (full 2):
 PSYoungGen      total 237568K, used 15339K [0x00000000e0000000, 0x00000000f0a00000, 0x0000000100000000)
  eden space 222208K, 0% used [0x00000000e0000000,0x00000000e0000000,0x00000000ed900000)
  from space 15360K, 99% used [0x00000000eef80000,0x00000000efe7add8,0x00000000efe80000)
  to   space 23040K, 0% used [0x00000000ed900000,0x00000000ed900000,0x00000000eef80000)
 ParOldGen       total 51712K, used 31352K [0x00000000a0000000, 0x00000000a3280000, 0x00000000e0000000)
  object space 51712K, 60% used [0x00000000a0000000,0x00000000a1e9e0f0,0x00000000a3280000)
 Metaspace       used 55202K, capacity 57876K, committed 58072K, reserved 1099776K
  class space    used 7657K, capacity 8150K, committed 8152K, reserved 1048576K
}
Event: 26.389 GC heap before
{Heap before GC invocations=15 (full 2):
 PSYoungGen      total 237568K, used 43190K [0x00000000e0000000, 0x00000000f0a00000, 0x0000000100000000)
  eden space 222208K, 12% used [0x00000000e0000000,0x00000000e1b32c20,0x00000000ed900000)
  from space 15360K, 99% used [0x00000000eef80000,0x00000000efe7add8,0x00000000efe80000)
  to   space 23040K, 0% used [0x00000000ed900000,0x00000000ed900000,0x00000000eef80000)
 ParOldGen       total 51712K, used 31352K [0x00000000a0000000, 0x00000000a3280000, 0x00000000e0000000)
  object space 51712K, 60% used [0x00000000a0000000,0x00000000a1e9e0f0,0x00000000a3280000)
 Metaspace       used 56142K, capacity 58930K, committed 59028K, reserved 1099776K
  class space    used 7781K, capacity 8286K, committed 8340K, reserved 1048576K
Event: 26.429 GC heap after
Heap after GC invocations=15 (full 2):
 PSYoungGen      total 245248K, used 2768K [0x00000000e0000000, 0x00000000f5a80000, 0x0000000100000000)
  eden space 222208K, 0% used [0x00000000e0000000,0x00000000e0000000,0x00000000ed900000)
  from space 23040K, 12% used [0x00000000ed900000,0x00000000edbb41d0,0x00000000eef80000)
  to   space 22528K, 0% used [0x00000000f4480000,0x00000000f4480000,0x00000000f5a80000)
 ParOldGen       total 51712K, used 43046K [0x00000000a0000000, 0x00000000a3280000, 0x00000000e0000000)
  object space 51712K, 83% used [0x00000000a0000000,0x00000000a2a09820,0x00000000a3280000)
 Metaspace       used 56142K, capacity 58930K, committed 59028K, reserved 1099776K
  class space    used 7781K, capacity 8286K, committed 8340K, reserved 1048576K
}
Event: 26.429 GC heap before
{Heap before GC invocations=16 (full 3):
 PSYoungGen      total 245248K, used 2768K [0x00000000e0000000, 0x00000000f5a80000, 0x0000000100000000)
  eden space 222208K, 0% used [0x00000000e0000000,0x00000000e0000000,0x00000000ed900000)
  from space 23040K, 12% used [0x00000000ed900000,0x00000000edbb41d0,0x00000000eef80000)
  to   space 22528K, 0% used [0x00000000f4480000,0x00000000f4480000,0x00000000f5a80000)
 ParOldGen       total 51712K, used 43046K [0x00000000a0000000, 0x00000000a3280000, 0x00000000e0000000)
  object space 51712K, 83% used [0x00000000a0000000,0x00000000a2a09820,0x00000000a3280000)
 Metaspace       used 56142K, capacity 58930K, committed 59028K, reserved 1099776K
  class space    used 7781K, capacity 8286K, committed 8340K, reserved 1048576K
Event: 26.844 GC heap after
Heap after GC invocations=16 (full 3):
 PSYoungGen      total 245248K, used 0K [0x00000000e0000000, 0x00000000f5a80000, 0x0000000100000000)
  eden space 222208K, 0% used [0x00000000e0000000,0x00000000e0000000,0x00000000ed900000)
  from space 23040K, 0% used [0x00000000ed900000,0x00000000ed900000,0x00000000eef80000)
  to   space 22528K, 0% used [0x00000000f4480000,0x00000000f4480000,0x00000000f5a80000)
 ParOldGen       total 88064K, used 35709K [0x00000000a0000000, 0x00000000a5600000, 0x00000000e0000000)
  object space 88064K, 40% used [0x00000000a0000000,0x00000000a22df6f0,0x00000000a5600000)
 Metaspace       used 56120K, capacity 58858K, committed 59028K, reserved 1099776K
  class space    used 7775K, capacity 8274K, committed 8340K, reserved 1048576K
}

