# JRE version: OpenJDK Runtime Environment (11.0.10) (build 11.0.10+0-b96-7249189)
# Java VM: OpenJDK 64-Bit Server VM (11.0.10+0-b96-7249189, mixed mode, tiered, compressed oops, g1 gc, windows-amd64)
Heap:
 garbage-first heap   total 450560K, used 143475K [0x00000000a0000000, 0x0000000100000000)
  region size 1024K, 4 young (4096K), 4 survivors (4096K)
 Metaspace       used 100727K, capacity 103372K, committed 103532K, reserved 1138688K
  class space    used 12765K, capacity 13750K, committed 13772K, reserved 1048576K
GC Heap History (20 events):
Event: 51.619 GC heap after
{Heap after GC invocations=58 (full 0):
 garbage-first heap   total 165888K, used 84683K [0x00000000a0000000, 0x0000000100000000)
  region size 1024K, 7 young (7168K), 7 survivors (7168K)
 Metaspace       used 90545K, capacity 92720K, committed 92908K, reserved 1130496K
  class space    used 11309K, capacity 12077K, committed 12108K, reserved 1048576K
}
Event: 52.025 GC heap before
{Heap before GC invocations=58 (full 0):
 garbage-first heap   total 165888K, used 134859K [0x00000000a0000000, 0x0000000100000000)
  region size 1024K, 57 young (58368K), 7 survivors (7168K)
 Metaspace       used 93044K, capacity 95342K, committed 95596K, reserved 1132544K
  class space    used 11663K, capacity 12472K, committed 12492K, reserved 1048576K
}
Event: 52.042 GC heap after
{Heap after GC invocations=59 (full 0):
 garbage-first heap   total 165888K, used 95291K [0x00000000a0000000, 0x0000000100000000)
  region size 1024K, 8 young (8192K), 8 survivors (8192K)
 Metaspace       used 93044K, capacity 95342K, committed 95596K, reserved 1132544K
  class space    used 11663K, capacity 12472K, committed 12492K, reserved 1048576K
}
Event: 52.492 GC heap before
{Heap before GC invocations=59 (full 0):
 garbage-first heap   total 165888K, used 133179K [0x00000000a0000000, 0x0000000100000000)
  region size 1024K, 46 young (47104K), 8 survivors (8192K)
 Metaspace       used 93942K, capacity 96268K, committed 96364K, reserved 1132544K
  class space    used 11782K, capacity 12652K, committed 12748K, reserved 1048576K
}
Event: 52.538 GC heap after
{Heap after GC invocations=60 (full 0):
 garbage-first heap   total 165888K, used 101903K [0x00000000a0000000, 0x0000000100000000)
  region size 1024K, 6 young (6144K), 6 survivors (6144K)
 Metaspace       used 93942K, capacity 96268K, committed 96364K, reserved 1132544K
  class space    used 11782K, capacity 12652K, committed 12748K, reserved 1048576K
}
Event: 53.142 GC heap before
{Heap before GC invocations=60 (full 0):
 garbage-first heap   total 165888K, used 133647K [0x00000000a0000000, 0x0000000100000000)
  region size 1024K, 37 young (37888K), 6 survivors (6144K)
 Metaspace       used 94849K, capacity 97208K, committed 97516K, reserved 1134592K
  class space    used 11896K, capacity 12770K, committed 12876K, reserved 1048576K
}
Event: 53.188 GC heap after
{Heap after GC invocations=61 (full 0):
 garbage-first heap   total 165888K, used 109561K [0x00000000a0000000, 0x0000000100000000)
  region size 1024K, 5 young (5120K), 5 survivors (5120K)
 Metaspace       used 94849K, capacity 97208K, committed 97516K, reserved 1134592K
  class space    used 11896K, capacity 12770K, committed 12876K, reserved 1048576K
}
Event: 53.460 GC heap before
{Heap before GC invocations=62 (full 0):
 garbage-first heap   total 165888K, used 134137K [0x00000000a0000000, 0x0000000100000000)
  region size 1024K, 30 young (30720K), 5 survivors (5120K)
 Metaspace       used 95807K, capacity 98178K, committed 98412K, reserved 1134592K
  class space    used 12020K, capacity 12901K, committed 13004K, reserved 1048576K
}
Event: 53.495 GC heap after
{Heap after GC invocations=63 (full 0):
 garbage-first heap   total 165888K, used 115072K [0x00000000a0000000, 0x0000000100000000)
  region size 1024K, 4 young (4096K), 4 survivors (4096K)
 Metaspace       used 95807K, capacity 98178K, committed 98412K, reserved 1134592K
  class space    used 12020K, capacity 12901K, committed 13004K, reserved 1048576K
}
Event: 53.513 GC heap before
{Heap before GC invocations=63 (full 0):
 garbage-first heap   total 165888K, used 119168K [0x00000000a0000000, 0x0000000100000000)
  region size 1024K, 8 young (8192K), 4 survivors (4096K)
 Metaspace       used 95817K, capacity 98182K, committed 98412K, reserved 1134592K
  class space    used 12022K, capacity 12903K, committed 13004K, reserved 1048576K
}
Event: 53.536 GC heap after
{Heap after GC invocations=64 (full 0):
 garbage-first heap   total 165888K, used 114688K [0x00000000a0000000, 0x0000000100000000)
  region size 1024K, 1 young (1024K), 1 survivors (1024K)
 Metaspace       used 95817K, capacity 98182K, committed 98412K, reserved 1134592K
  class space    used 12022K, capacity 12903K, committed 13004K, reserved 1048576K
}
Event: 53.663 GC heap before
{Heap before GC invocations=64 (full 0):
 garbage-first heap   total 165888K, used 136192K [0x00000000a0000000, 0x0000000100000000)
  region size 1024K, 22 young (22528K), 1 survivors (1024K)
 Metaspace       used 96143K, capacity 98612K, committed 98668K, reserved 1134592K
  class space    used 12077K, capacity 12987K, committed 13004K, reserved 1048576K
}
Event: 53.684 GC heap after
{Heap after GC invocations=65 (full 0):
 garbage-first heap   total 225280K, used 118725K [0x00000000a0000000, 0x0000000100000000)
  region size 1024K, 3 young (3072K), 3 survivors (3072K)
 Metaspace       used 96143K, capacity 98612K, committed 98668K, reserved 1134592K
  class space    used 12077K, capacity 12987K, committed 13004K, reserved 1048576K
}
Event: 53.968 GC heap before
{Heap before GC invocations=65 (full 0):
 garbage-first heap   total 225280K, used 161733K [0x00000000a0000000, 0x0000000100000000)
  region size 1024K, 46 young (47104K), 3 survivors (3072K)
 Metaspace       used 97297K, capacity 99790K, committed 99948K, reserved 1136640K
  class space    used 12284K, capacity 13227K, committed 13260K, reserved 1048576K
}
Event: 54.006 GC heap after
{Heap after GC invocations=66 (full 0):
 garbage-first heap   total 225280K, used 126193K [0x00000000a0000000, 0x0000000100000000)
  region size 1024K, 6 young (6144K), 6 survivors (6144K)
 Metaspace       used 97297K, capacity 99790K, committed 99948K, reserved 1136640K
  class space    used 12284K, capacity 13227K, committed 13260K, reserved 1048576K
}
Event: 54.201 GC heap before
{Heap before GC invocations=66 (full 0):
 garbage-first heap   total 225280K, used 168177K [0x00000000a0000000, 0x0000000100000000)
  region size 1024K, 48 young (49152K), 6 survivors (6144K)
 Metaspace       used 98046K, capacity 100538K, committed 100588K, reserved 1136640K
  class space    used 12398K, capacity 13349K, committed 13388K, reserved 1048576K
}
Event: 54.246 GC heap after
{Heap after GC invocations=67 (full 0):
 garbage-first heap   total 225280K, used 133869K [0x00000000a0000000, 0x0000000100000000)
  region size 1024K, 6 young (6144K), 6 survivors (6144K)
 Metaspace       used 98046K, capacity 100538K, committed 100588K, reserved 1136640K
  class space    used 12398K, capacity 13349K, committed 13388K, reserved 1048576K
}
Event: 54.886 GC heap before
{Heap before GC invocations=67 (full 0):
 garbage-first heap   total 225280K, used 173805K [0x00000000a0000000, 0x0000000100000000)
  region size 1024K, 46 young (47104K), 6 survivors (6144K)
 Metaspace       used 100015K, capacity 102637K, committed 102764K, reserved 1138688K
  class space    used 12715K, capacity 13700K, committed 13772K, reserved 1048576K
}
Event: 54.933 GC heap after
{Heap after GC invocations=68 (full 0):
 garbage-first heap   total 225280K, used 140169K [0x00000000a0000000, 0x0000000100000000)
  region size 1024K, 6 young (6144K), 6 survivors (6144K)
 Metaspace       used 100015K, capacity 102637K, committed 102764K, reserved 1138688K
  class space    used 12715K, capacity 13700K, committed 13772K, reserved 1048576K
}
Event: 55.507 GC heap before
{Heap before GC invocations=68 (full 0):
 garbage-first heap   total 225280K, used 179081K [0x00000000a0000000, 0x0000000100000000)
  region size 1024K, 44 young (45056K), 6 survivors (6144K)
 Metaspace       used 100727K, capacity 103372K, committed 103532K, reserved 1138688K
  class space    used 12765K, capacity 13750K, committed 13772K, reserved 1048576K
}

